<?xml version="1.0" encoding="UTF-8" ?>
<testsuite tests="16" failures="0" name="stepsDefs.TestRunner" time="0.199" errors="0" skipped="16">
  <properties>
    <property name="java.runtime.name" value="Java(TM) SE Runtime Environment"/>
    <property name="java.vm.version" value="11.0.13+10-LTS-370"/>
    <property name="sun.boot.library.path" value="C:\Program Files\Java\jdk-11.0.13\bin"/>
    <property name="maven.multiModuleProjectDirectory" value="C:\Users\rohit\workspace\SwagLabCucumber"/>
    <property name="java.vm.vendor" value="Oracle Corporation"/>
    <property name="java.vendor.url" value="https://openjdk.java.net/"/>
    <property name="guice.disable.misplaced.annotation.check" value="true"/>
    <property name="path.separator" value=";"/>
    <property name="java.vm.name" value="Java HotSpot(TM) 64-Bit Server VM"/>
    <property name="sun.os.patch.level" value=""/>
    <property name="user.script" value=""/>
    <property name="user.country" value="IN"/>
    <property name="sun.java.launcher" value="SUN_STANDARD"/>
    <property name="java.vm.specification.name" value="Java Virtual Machine Specification"/>
    <property name="user.dir" value="C:\Users\rohit\workspace\SwagLabCucumber"/>
    <property name="java.vm.compressedOopsMode" value="32-bit"/>
    <property name="java.runtime.version" value="11.0.13+10-LTS-370"/>
    <property name="java.awt.graphicsenv" value="sun.awt.Win32GraphicsEnvironment"/>
    <property name="os.arch" value="amd64"/>
    <property name="java.io.tmpdir" value="C:\Users\rohit\AppData\Local\Temp\"/>
    <property name="line.separator" value="
"/>
    <property name="java.vm.specification.vendor" value="Oracle Corporation"/>
    <property name="user.variant" value=""/>
    <property name="os.name" value="Windows 10"/>
    <property name="classworlds.conf" value="C:\Program Files\Maven\bin\m2.conf"/>
    <property name="sun.jnu.encoding" value="Cp1252"/>
    <property name="java.library.path" value="C:\Program Files\Java\jdk-11.0.13\bin;C:\windows\Sun\Java\bin;C:\windows\system32;C:\windows;C:\Program Files\Common Files\Oracle\Java\javapath;C:\windows\System32\WindowsPowerShell\v1.0\;C:\windows\system32;C:\windows;C:\windows\System32\Wbem;C:\windows\System32\OpenSSH\;C:\Users\rohit\AppData\Local\Android\Sdk\platform-tools;C:\Users\rohit\AppData\Local\Android\Sdk\tools;C:\Users\rohit\AppData\Local\Android\Sdk\build-tools;C:\Program Files\Android\Android Studio\bin;C:\Users\rohit\AppData\Local\Android\Sdk\build-tools\bin;C:\Users\rohit\AppData\Local\Android\Sdk\tools\bin;C:\Program Files\Java\jdk-11.0.13\bin;C:\Program Files\Maven\bin;C:\Program Files\Git\cmd;C:\Program Files\TortoiseSVN\bin;C:\Program Files\MySQL\MySQL Server 8.0\bin;C:\Users\rohit\apache-ant-1.10.12\bin;?C:\Users\rohit\Jmeter\apache-jmeter-5.4.3\bin\jmeter.bat;."/>
    <property name="maven.conf" value="C:\Program Files\Maven/conf"/>
    <property name="jdk.debug" value="release"/>
    <property name="java.class.version" value="55.0"/>
    <property name="java.specification.name" value="Java Platform API Specification"/>
    <property name="sun.management.compiler" value="HotSpot 64-Bit Tiered Compilers"/>
    <property name="os.version" value="10.0"/>
    <property name="library.jansi.path" value="C:\Program Files\Maven\lib\jansi-native"/>
    <property name="user.home" value="C:\Users\rohit"/>
    <property name="user.timezone" value="Asia/Calcutta"/>
    <property name="java.awt.printerjob" value="sun.awt.windows.WPrinterJob"/>
    <property name="file.encoding" value="Cp1252"/>
    <property name="java.specification.version" value="11"/>
    <property name="user.name" value="rohit"/>
    <property name="java.class.path" value="C:\Program Files\Maven\boot\plexus-classworlds-2.6.0.jar"/>
    <property name="java.vm.specification.version" value="11"/>
    <property name="sun.arch.data.model" value="64"/>
    <property name="sun.java.command" value="org.codehaus.plexus.classworlds.launcher.Launcher test"/>
    <property name="java.home" value="C:\Program Files\Java\jdk-11.0.13"/>
    <property name="user.language" value="en"/>
    <property name="java.specification.vendor" value="Oracle Corporation"/>
    <property name="awt.toolkit" value="sun.awt.windows.WToolkit"/>
    <property name="java.vm.info" value="mixed mode"/>
    <property name="java.version" value="11.0.13"/>
    <property name="java.vendor" value="Oracle Corporation"/>
    <property name="sun.stderr.encoding" value="cp437"/>
    <property name="maven.home" value="C:\Program Files\Maven"/>
    <property name="file.separator" value="\"/>
    <property name="java.version.date" value="2021-10-19"/>
    <property name="java.vendor.url.bug" value="https://bugreport.java.com/bugreport/"/>
    <property name="sun.io.unicode.encoding" value="UnicodeLittle"/>
    <property name="sun.cpu.endian" value="little"/>
    <property name="java.vendor.version" value="18.9"/>
    <property name="sun.stdout.encoding" value="cp437"/>
    <property name="sun.desktop" value="windows"/>
    <property name="sun.cpu.isalist" value="amd64"/>
  </properties>
  <testcase classname="This feature would be used to design the Login page of the application" name="To validate the positive login" time="0.039">
    <skipped/>
  </testcase>
  <testcase classname="This feature would be used to design the Login page of the application" name="To validate the positive login" time="0.039">
    <skipped/>
  </testcase>
  <testcase classname="This feature would be used to design the Login page of the application" name="To validate the positive login" time="0.039">
    <skipped/>
  </testcase>
  <testcase classname="This feature would be used to design the Login page of the application" name="To validate the positive login" time="0.039">
    <skipped/>
  </testcase>
  <testcase classname="This feature would be used to design the Login page of the application" name="To validate the positive login" time="0.004">
    <skipped/>
  </testcase>
  <testcase classname="This feature would be used to design the Login page of the application" name="To validate the positive login" time="0.004">
    <skipped/>
  </testcase>
  <testcase classname="This feature would be used to design the Login page of the application" name="To validate the positive login" time="0.004">
    <skipped/>
  </testcase>
  <testcase classname="This feature would be used to design the Login page of the application" name="To validate the positive login" time="0.004">
    <skipped/>
  </testcase>
  <testcase classname="This feature would be used to design the Login page of the application" name="To validate the negative login" time="0.004">
    <skipped/>
  </testcase>
  <testcase classname="This feature would be used to design the Login page of the application" name="To validate the negative login" time="0.004">
    <skipped/>
  </testcase>
  <testcase classname="This feature would be used to design the Login page of the application" name="To validate the negative login" time="0.004">
    <skipped/>
  </testcase>
  <testcase classname="This feature would be used to design the Login page of the application" name="To validate the negative login" time="0.004">
    <skipped/>
  </testcase>
  <testcase classname="This feature would be used to design the Login page of the application" name="To validate the negative login" time="0.002">
    <skipped/>
  </testcase>
  <testcase classname="This feature would be used to design the Login page of the application" name="To validate the negative login" time="0.003">
    <skipped/>
  </testcase>
  <testcase classname="This feature would be used to design the Login page of the application" name="To validate the negative login" time="0.003">
    <skipped/>
  </testcase>
  <testcase classname="This feature would be used to design the Login page of the application" name="To validate the negative login" time="0.003">
    <skipped/>
  </testcase>
</testsuite>